<?xml version="1.0" encoding="UTF-8"?>
<!-- Generated by org.testng.reporters.JUnitReportReporter -->
<testsuite hostname="SCL634" failures="0" tests="3" name="seleniumGrid.Nyka" time="94.907" errors="0" timestamp="2024-09-28T11:42:33 IST" skipped="0">
  <testcase classname="seleniumGrid.Nyka" name="testParallel" time="26.340"/>
  <system-out/>
  <testcase classname="seleniumGrid.Nyka" name="testParallel" time="34.887"/>
  <system-out/>
  <testcase classname="seleniumGrid.Nyka" name="testParallel" time="33.680"/>
  <system-out/>
</testsuite> <!-- seleniumGrid.Nyka -->
