<?xml version="1.0" encoding="UTF-8"?>
<!-- Generated by org.testng.reporters.JUnitReportReporter -->
<testsuite hostname="SCL634" failures="0" tests="3" name="seleniumGrid.Nyka" time="119.914" errors="0" timestamp="2024-09-27T22:21:59 IST" skipped="0">
  <testcase classname="seleniumGrid.Nyka" name="testParallel" time="34.912"/>
  <system-out/>
  <testcase classname="seleniumGrid.Nyka" name="testParallel" time="43.190"/>
  <system-out/>
  <testcase classname="seleniumGrid.Nyka" name="testParallel" time="41.812"/>
  <system-out/>
</testsuite> <!-- seleniumGrid.Nyka -->
